# JRE version: Java(TM) SE Runtime Environment (8.0_191-b12) (build 1.8.0_191-b12)
# Java VM: Java HotSpot(TM) 64-Bit Server VM (25.191-b12 mixed mode windows-amd64 compressed oops)
Heap:
 PSYoungGen      total 106496K, used 90459K [0x000000076b380000, 0x0000000774400000, 0x00000007c0000000)
  eden space 95744K, 94% used [0x000000076b380000,0x0000000770bd6cc8,0x0000000771100000)
  from space 10752K, 0% used [0x0000000771100000,0x0000000771100000,0x0000000771b80000)
  to   space 10752K, 0% used [0x0000000773980000,0x0000000773980000,0x0000000774400000)
 ParOldGen       total 184320K, used 11692K [0x00000006c1a00000, 0x00000006cce00000, 0x000000076b380000)
  object space 184320K, 6% used [0x00000006c1a00000,0x00000006c256b220,0x00000006cce00000)
 Metaspace       used 43261K, capacity 45840K, committed 45952K, reserved 1087488K
  class space    used 6973K, capacity 7198K, committed 7296K, reserved 1048576K
GC Heap History (10 events):
Event: 4.598 GC heap before
{Heap before GC invocations=4 (full 1):
 PSYoungGen      total 76288K, used 65508K [0x000000076b380000, 0x0000000770880000, 0x00000007c0000000)
  eden space 65536K, 99% used [0x000000076b380000,0x000000076f379380,0x000000076f380000)
  from space 10752K, 0% used [0x000000076fe00000,0x000000076fe00000,0x0000000770880000)
  to   space 10752K, 0% used [0x000000076f380000,0x000000076f380000,0x000000076fe00000)
 ParOldGen       total 108544K, used 7158K [0x00000006c1a00000, 0x00000006c8400000, 0x000000076b380000)
  object space 108544K, 6% used [0x00000006c1a00000,0x00000006c20fd958,0x00000006c8400000)
 Metaspace       used 27518K, capacity 28624K, committed 28800K, reserved 1073152K
  class space    used 4511K, capacity 4686K, committed 4736K, reserved 1048576K
Event: 4.604 GC heap after
Heap after GC invocations=4 (full 1):
 PSYoungGen      total 76288K, used 9095K [0x000000076b380000, 0x0000000772600000, 0x00000007c0000000)
  eden space 65536K, 0% used [0x000000076b380000,0x000000076b380000,0x000000076f380000)
  from space 10752K, 84% used [0x000000076f380000,0x000000076fc61d68,0x000000076fe00000)
  to   space 10752K, 0% used [0x0000000771b80000,0x0000000771b80000,0x0000000772600000)
 ParOldGen       total 108544K, used 7166K [0x00000006c1a00000, 0x00000006c8400000, 0x000000076b380000)
  object space 108544K, 6% used [0x00000006c1a00000,0x00000006c20ff958,0x00000006c8400000)
 Metaspace       used 27518K, capacity 28624K, committed 28800K, reserved 1073152K
  class space    used 4511K, capacity 4686K, committed 4736K, reserved 1048576K
}
Event: 5.566 GC heap before
{Heap before GC invocations=5 (full 1):
 PSYoungGen      total 76288K, used 66504K [0x000000076b380000, 0x0000000772600000, 0x00000007c0000000)
  eden space 65536K, 87% used [0x000000076b380000,0x000000076eb90520,0x000000076f380000)
  from space 10752K, 84% used [0x000000076f380000,0x000000076fc61d68,0x000000076fe00000)
  to   space 10752K, 0% used [0x0000000771b80000,0x0000000771b80000,0x0000000772600000)
 ParOldGen       total 108544K, used 7166K [0x00000006c1a00000, 0x00000006c8400000, 0x000000076b380000)
  object space 108544K, 6% used [0x00000006c1a00000,0x00000006c20ff958,0x00000006c8400000)
 Metaspace       used 33905K, capacity 35312K, committed 35416K, reserved 1079296K
  class space    used 5435K, capacity 5611K, committed 5632K, reserved 1048576K
Event: 5.577 GC heap after
Heap after GC invocations=5 (full 1):
 PSYoungGen      total 106496K, used 10222K [0x000000076b380000, 0x0000000772a00000, 0x00000007c0000000)
  eden space 95744K, 0% used [0x000000076b380000,0x000000076b380000,0x0000000771100000)
  from space 10752K, 95% used [0x0000000771b80000,0x000000077257bb58,0x0000000772600000)
  to   space 10752K, 0% used [0x0000000771100000,0x0000000771100000,0x0000000771b80000)
 ParOldGen       total 108544K, used 7174K [0x00000006c1a00000, 0x00000006c8400000, 0x000000076b380000)
  object space 108544K, 6% used [0x00000006c1a00000,0x00000006c2101958,0x00000006c8400000)
 Metaspace       used 33905K, capacity 35312K, committed 35416K, reserved 1079296K
  class space    used 5435K, capacity 5611K, committed 5632K, reserved 1048576K
}
Event: 5.577 GC heap before
{Heap before GC invocations=6 (full 2):
 PSYoungGen      total 106496K, used 10222K [0x000000076b380000, 0x0000000772a00000, 0x00000007c0000000)
  eden space 95744K, 0% used [0x000000076b380000,0x000000076b380000,0x0000000771100000)
  from space 10752K, 95% used [0x0000000771b80000,0x000000077257bb58,0x0000000772600000)
  to   space 10752K, 0% used [0x0000000771100000,0x0000000771100000,0x0000000771b80000)
 ParOldGen       total 108544K, used 7174K [0x00000006c1a00000, 0x00000006c8400000, 0x000000076b380000)
  object space 108544K, 6% used [0x00000006c1a00000,0x00000006c2101958,0x00000006c8400000)
 Metaspace       used 33905K, capacity 35312K, committed 35416K, reserved 1079296K
  class space    used 5435K, capacity 5611K, committed 5632K, reserved 1048576K
Event: 5.626 GC heap after
Heap after GC invocations=6 (full 2):
 PSYoungGen      total 106496K, used 0K [0x000000076b380000, 0x0000000772a00000, 0x00000007c0000000)
  eden space 95744K, 0% used [0x000000076b380000,0x000000076b380000,0x0000000771100000)
  from space 10752K, 0% used [0x0000000771b80000,0x0000000771b80000,0x0000000772600000)
  to   space 10752K, 0% used [0x0000000771100000,0x0000000771100000,0x0000000771b80000)
 ParOldGen       total 184320K, used 14211K [0x00000006c1a00000, 0x00000006cce00000, 0x000000076b380000)
  object space 184320K, 7% used [0x00000006c1a00000,0x00000006c27e0ee8,0x00000006cce00000)
 Metaspace       used 33905K, capacity 35312K, committed 35416K, reserved 1079296K
  class space    used 5435K, capacity 5611K, committed 5632K, reserved 1048576K
}
Event: 6.258 GC heap before
{Heap before GC invocations=7 (full 2):
 PSYoungGen      total 106496K, used 19206K [0x000000076b380000, 0x0000000772a00000, 0x00000007c0000000)
  eden space 95744K, 20% used [0x000000076b380000,0x000000076c641ad0,0x0000000771100000)
  from space 10752K, 0% used [0x0000000771b80000,0x0000000771b80000,0x0000000772600000)
  to   space 10752K, 0% used [0x0000000771100000,0x0000000771100000,0x0000000771b80000)
 ParOldGen       total 184320K, used 14211K [0x00000006c1a00000, 0x00000006cce00000, 0x000000076b380000)
  object space 184320K, 7% used [0x00000006c1a00000,0x00000006c27e0ee8,0x00000006cce00000)
 Metaspace       used 36086K, capacity 37648K, committed 37760K, reserved 1081344K
  class space    used 5760K, capacity 5924K, committed 6016K, reserved 1048576K
Event: 6.262 GC heap after
Heap after GC invocations=7 (full 2):
 PSYoungGen      total 106496K, used 2198K [0x000000076b380000, 0x0000000774400000, 0x00000007c0000000)
  eden space 95744K, 0% used [0x000000076b380000,0x000000076b380000,0x0000000771100000)
  from space 10752K, 20% used [0x0000000771100000,0x0000000771325ad8,0x0000000771b80000)
  to   space 10752K, 0% used [0x0000000773980000,0x0000000773980000,0x0000000774400000)
 ParOldGen       total 184320K, used 14219K [0x00000006c1a00000, 0x00000006cce00000, 0x000000076b380000)
  object space 184320K, 7% used [0x00000006c1a00000,0x00000006c27e2ee8,0x00000006cce00000)
 Metaspace       used 36086K, capacity 37648K, committed 37760K, reserved 1081344K
  class space    used 5760K, capacity 5924K, committed 6016K, reserved 1048576K
}
Event: 6.262 GC heap before
{Heap before GC invocations=8 (full 3):
 PSYoungGen      total 106496K, used 2198K [0x000000076b380000, 0x0000000774400000, 0x00000007c0000000)
  eden space 95744K, 0% used [0x000000076b380000,0x000000076b380000,0x0000000771100000)
  from space 10752K, 20% used [0x0000000771100000,0x0000000771325ad8,0x0000000771b80000)
  to   space 10752K, 0% used [0x0000000773980000,0x0000000773980000,0x0000000774400000)
 ParOldGen       total 184320K, used 14219K [0x00000006c1a00000, 0x00000006cce00000, 0x000000076b380000)
  object space 184320K, 7% used [0x00000006c1a00000,0x00000006c27e2ee8,0x00000006cce00000)
 Metaspace       used 36086K, capacity 37648K, committed 37760K, reserved 1081344K
  class space    used 5760K, capacity 5924K, committed 6016K, reserved 1048576K
Event: 6.376 GC heap after
Heap after GC invocations=8 (full 3):
 PSYoungGen      total 106496K, used 0K [0x000000076b380000, 0x0000000774400000, 0x00000007c0000000)
  eden space 95744K, 0% used [0x000000076b380000,0x000000076b380000,0x0000000771100000)
  from space 10752K, 0% used [0x0000000771100000,0x0000000771100000,0x0000000771b80000)
  to   space 10752K, 0% used [0x0000000773980000,0x0000000773980000,0x0000000774400000)
 ParOldGen       total 184320K, used 11692K [0x00000006c1a00000, 0x00000006cce00000, 0x000000076b380000)
  object space 184320K, 6% used [0x00000006c1a00000,0x00000006c256b220,0x00000006cce00000)
 Metaspace       used 36086K, capacity 37648K, committed 37760K, reserved 1081344K
  class space    used 5760K, capacity 5924K, committed 6016K, reserved 1048576K
}

